RUN	computerdatabase.ComputerDatabaseSimulation	computerdatabasesimulation	1678788405554	test	3.9.2
USER	Users	START	1678788406585
USER	Admins	START	1678788406585
REQUEST		Home	1678788406576	1678788407456	OK	 
REQUEST		Home	1678788406576	1678788407497	OK	 
USER	Users	START	1678788407555
REQUEST		Home Redirect 1	1678788407498	1678788407750	OK	 
REQUEST		Home Redirect 1	1678788407466	1678788407750	OK	 
REQUEST		Home	1678788407554	1678788408428	OK	 
USER	Users	START	1678788408553
REQUEST		Home Redirect 1	1678788408428	1678788408660	OK	 
REQUEST		Search	1678788408778	1678788409006	OK	 
REQUEST		Search	1678788408778	1678788409013	OK	 
REQUEST		Home	1678788408551	1678788409421	OK	 
USER	Users	START	1678788409547
REQUEST		Home Redirect 1	1678788409422	1678788409646	OK	 
REQUEST		Search	1678788409671	1678788409895	OK	 
REQUEST		Select	1678788410101	1678788410316	OK	 
REQUEST		Select	1678788410101	1678788410324	OK	 
REQUEST		Home	1678788409545	1678788410423	OK	 
USER	Users	START	1678788410551
REQUEST		Home Redirect 1	1678788410423	1678788410658	OK	 
REQUEST		Search	1678788410653	1678788410871	OK	 
REQUEST		Select	1678788410913	1678788411136	OK	 
REQUEST		Home	1678788410550	1678788411463	OK	 
USER	Admins	START	1678788411551
USER	Users	START	1678788411551
REQUEST		Page 0	1678788411340	1678788411556	OK	 
REQUEST		Page 0	1678788411340	1678788411564	OK	 
REQUEST		Home Redirect 1	1678788411463	1678788411682	OK	 
REQUEST		Search	1678788411672	1678788411894	OK	 
REQUEST		Select	1678788411875	1678788412097	OK	 
REQUEST		Page 0	1678788412141	1678788412360	OK	 
REQUEST		Home	1678788411550	1678788412432	OK	 
REQUEST		Home	1678788411550	1678788412448	OK	 
USER	Users	START	1678788412545
REQUEST		Home Redirect 1	1678788412433	1678788412658	OK	 
REQUEST		Home Redirect 1	1678788412448	1678788412677	OK	 
REQUEST		Page 1	1678788412580	1678788412798	OK	 
REQUEST		Page 1	1678788412580	1678788412805	OK	 
REQUEST		Search	1678788412685	1678788412906	OK	 
REQUEST		Select	1678788412901	1678788413181	OK	 
REQUEST		Page 0	1678788413101	1678788413317	OK	 
REQUEST		Home	1678788412544	1678788413386	OK	 
USER	Users	START	1678788413553
REQUEST		Page 1	1678788413365	1678788413585	OK	 
REQUEST		Home Redirect 1	1678788413387	1678788413603	OK	 
REQUEST		Search	1678788413660	1678788413883	OK	 
REQUEST		Search	1678788413691	1678788413918	OK	 
REQUEST		Page 2	1678788413814	1678788414027	OK	 
REQUEST		Page 2	1678788413814	1678788414035	OK	 
REQUEST		Select	1678788413922	1678788414149	OK	 
REQUEST		Page 0	1678788414186	1678788414402	OK	 
REQUEST		Home	1678788413552	1678788414455	OK	 
USER	Users	START	1678788414543
REQUEST		Page 1	1678788414326	1678788414547	OK	 
REQUEST		Home Redirect 1	1678788414456	1678788414687	OK	 
REQUEST		Page 2	1678788414587	1678788414822	OK	 
REQUEST		Search	1678788414618	1678788414829	OK	 
REQUEST		Select	1678788414897	1678788415120	OK	 
REQUEST		Select	1678788414928	1678788415156	OK	 
REQUEST		Page 3	1678788415039	1678788415257	OK	 
REQUEST		Page 3	1678788415039	1678788415266	OK	 
REQUEST		Page 0	1678788415162	1678788415382	OK	 
REQUEST		Home	1678788414542	1678788415432	OK	 
USER	Users	START	1678788415550
REQUEST		Page 1	1678788415409	1678788415623	OK	 
REQUEST		Home Redirect 1	1678788415432	1678788415672	OK	 
REQUEST		Page 2	1678788415549	1678788415766	OK	 
REQUEST		Search	1678788415691	1678788415914	OK	 
REQUEST		Page 3	1678788415828	1678788416047	OK	 
REQUEST		Select	1678788415843	1678788416049	OK	 
USER	Users	END	1678788416267
REQUEST		Page 0	1678788416123	1678788416345	OK	 
REQUEST		Page 0	1678788416169	1678788416399	OK	 
REQUEST		Home	1678788415549	1678788416401	OK	 
REQUEST		Form	1678788416279	1678788416502	OK	 
REQUEST		Page 1	1678788416386	1678788416600	OK	 
REQUEST		Home Redirect 1	1678788416402	1678788416620	OK	 
REQUEST		Page 2	1678788416631	1678788416844	OK	 
REQUEST		Search	1678788416680	1678788416899	OK	 
REQUEST		Page 3	1678788416771	1678788416987	OK	 
USER	Users	END	1678788417051
REQUEST		Select	1678788416926	1678788417148	OK	 
REQUEST		Page 0	1678788417065	1678788417272	OK	 
REQUEST		Page 1	1678788417357	1678788417580	OK	 
REQUEST		Page 1	1678788417403	1678788417629	OK	 
REQUEST		Post	1678788417513	1678788417735	OK	 
REQUEST		Page 2	1678788417605	1678788417819	OK	 
REQUEST		Search	1678788417635	1678788417847	OK	 
REQUEST		Post Redirect 1	1678788417755	1678788417981	OK	 
USER	Admins	END	1678788417984
USER	Users	END	1678788417992
REQUEST		Page 3	1678788417853	1678788418067	OK	 
REQUEST		Select	1678788417915	1678788418134	OK	 
REQUEST		Page 0	1678788418163	1678788418385	OK	 
REQUEST		Page 1	1678788418287	1678788418493	OK	 
REQUEST		Page 2	1678788418596	1678788418822	OK	 
REQUEST		Page 2	1678788418643	1678788418870	OK	 
REQUEST		Page 3	1678788418828	1678788419041	OK	 
REQUEST		Select	1678788418859	1678788419070	OK	 
USER	Users	END	1678788419076
REQUEST		Page 0	1678788419138	1678788419358	OK	 
REQUEST		Page 1	1678788419401	1678788419623	OK	 
REQUEST		Page 2	1678788419507	1678788419714	OK	 
USER	Users	END	1678788420051
REQUEST		Page 3	1678788419833	1678788420057	OK	 
REQUEST		Page 3	1678788419880	1678788420106	OK	 
REQUEST		Page 0	1678788420081	1678788420295	OK	 
REQUEST		Page 1	1678788420375	1678788420593	OK	 
REQUEST		Page 2	1678788420626	1678788420848	OK	 
REQUEST		Page 3	1678788420719	1678788420928	OK	 
USER	Users	END	1678788421109
REQUEST		Form	1678788421061	1678788421284	OK	 
REQUEST		Page 1	1678788421309	1678788421521	OK	 
REQUEST		Page 2	1678788421603	1678788421822	OK	 
USER	Users	END	1678788421946
REQUEST		Page 3	1678788421851	1678788422072	OK	 
REQUEST		Post	1678788422287	1678788422508	OK	 
REQUEST		Post Redirect 1	1678788422509	1678788422733	KO	status.find.is(201), but actually found 200
REQUEST		Page 2	1678788422536	1678788422748	OK	 
REQUEST		Form	1678788422742	1678788422965	OK	 
REQUEST		Page 3	1678788422830	1678788423070	OK	 
USER	Users	END	1678788423077
REQUEST		Page 3	1678788423758	1678788423971	OK	 
USER	Users	END	1678788424081
REQUEST		Post	1678788423973	1678788424194	OK	 
REQUEST		Post Redirect 1	1678788424195	1678788424420	OK	 
USER	Admins	END	1678788424423
USER	Users	END	1678788424978
