RUN	videogamedb.JsonFeeder	jsonfeeder	1680073382338	6	3.9.2
USER	getvideogame	START	1680073383648
USER	getvideogame	START	1680073383648
USER	getvideogame	START	1680073383648
USER	getvideogame	START	1680073383648
USER	getvideogame	START	1680073383648
REQUEST		create video game - Super Mario 64	1680073383763	1680073384206	OK	 
REQUEST		create video game - Resident Evil 4	1680073383763	1680073384202	OK	 
REQUEST		create video game - Minecraft	1680073383763	1680073384185	OK	 
REQUEST		create video game - Super Mario 64	1680073383763	1680073384236	OK	 
REQUEST		create video game - Tetris	1680073383763	1680073384208	OK	 
REQUEST		create video game - Final Fantasy VII	1680073386358	1680073386495	OK	 
REQUEST		create video game - Final Fantasy VII	1680073386358	1680073386499	OK	 
REQUEST		create video game - SimCity 2000	1680073386358	1680073386502	OK	 
REQUEST		create video game - Tetris	1680073386358	1680073386502	OK	 
REQUEST		create video game - Super Mario 64	1680073386358	1680073386502	OK	 
USER	getvideogame	END	1680073388541
USER	getvideogame	END	1680073388541
USER	getvideogame	END	1680073388541
USER	getvideogame	END	1680073388541
USER	getvideogame	END	1680073388541
