RUN	videogamedb.JsonFeeder	jsonfeeder	1679331280310	6	3.9.2
USER	getvideogame	START	1679331281863
USER	getvideogame	START	1679331281863
USER	getvideogame	START	1679331281863
USER	getvideogame	START	1679331281863
USER	getvideogame	START	1679331281863
REQUEST		create video game - Doom	1679331281945	1679331282567	OK	 
REQUEST		create video game - Resident Evil 4	1679331281946	1679331282566	OK	 
REQUEST		create video game - Super Mario 64	1679331281945	1679331282566	OK	 
REQUEST		create video game - SimCity 2000	1679331281945	1679331282566	OK	 
REQUEST		create video game - Tetris	1679331281945	1679331282567	OK	 
REQUEST		create video game - The Legend of Zelda: Ocarina of Time	1679331284734	1679331285190	OK	 
REQUEST		create video game - Gran Turismo 3	1679331284736	1679331285190	OK	 
REQUEST		create video game - The Legend of Zelda: Ocarina of Time	1679331284733	1679331285192	OK	 
REQUEST		create video game - Tetris	1679331284731	1679331285193	OK	 
REQUEST		create video game - Tetris	1679331284731	1679331285395	OK	 
USER	getvideogame	END	1679331287212
USER	getvideogame	END	1679331287212
USER	getvideogame	END	1679331287212
USER	getvideogame	END	1679331287214
USER	getvideogame	END	1679331287415
