RUN	computerdatabase.Amazon	amazon	1678885185085	Amazon	3.9.2
USER	Amazon	START	1678885186756
REQUEST		request_0	1678885186742	1678885187015	OK	 
REQUEST		request_6	1678885187160	1678885187594	OK	 
REQUEST		request_8	1678885187161	1678885187640	OK	 
REQUEST		request_9	1678885187161	1678885187644	OK	 
REQUEST		request_11	1678885187162	1678885187647	OK	 
REQUEST		request_12	1678885187163	1678885187650	OK	 
REQUEST		request_4	1678885187175	1678885187656	OK	 
REQUEST		request_10	1678885187178	1678885187678	OK	 
REQUEST		request_14	1678885187179	1678885187681	OK	 
REQUEST		request_89	1678885187180	1678885187689	OK	 
REQUEST		request_108	1678885187181	1678885187695	OK	 
REQUEST		request_27	1678885187181	1678885187697	OK	 
REQUEST		eth	1678885187187	1678885187699	OK	 
REQUEST		requsdfghest_35	1678885187188	1678885187700	OK	 
REQUEST		request_124	1678885187222	1678885187704	OK	 
REQUEST		request_128	1678885187227	1678885187706	OK	 
REQUEST		request_26	1678885187234	1678885187707	OK	 
REQUEST		request_63	1678885187239	1678885187710	OK	 
REQUEST		request_78	1678885187240	1678885187712	OK	 
REQUEST		request_80	1678885187240	1678885187714	OK	 
REQUEST		request_81	1678885187241	1678885187716	OK	 
REQUEST		request_82	1678885187242	1678885187717	OK	 
REQUEST		request_76	1678885187246	1678885187719	OK	 
REQUEST		request_77	1678885187250	1678885187721	OK	 
REQUEST		request_46	1678885187254	1678885187723	OK	 
REQUEST		sdfh	1678885187258	1678885187727	OK	 
REQUEST		request_18	1678885187280	1678885187770	KO	status.find.in([200, 209], 304), found 400
REQUEST		srgh	1678885187280	1678885187774	OK	 
REQUEST		request_45	1678885187282	1678885187778	OK	 
REQUEST		etrfhg	1678885187281	1678885187783	OK	 
REQUEST		request_47	1678885187282	1678885187787	OK	 
REQUEST		request_121	1678885187129	1678885187797	OK	 
REQUEST		request_62	1678885187274	1678885187798	OK	 
REQUEST		request_48	1678885187207	1678885187799	OK	 
REQUEST		request_64	1678885187135	1678885187801	OK	 
REQUEST		request_5	1678885187156	1678885187807	OK	 
REQUEST		request_13	1678885187638	1678885187816	OK	 
REQUEST		request_16	1678885187641	1678885187819	OK	 
REQUEST		request_19	1678885187648	1678885187825	OK	 
REQUEST		request_20	1678885187651	1678885187828	OK	 
REQUEST		request_15	1678885187179	1678885187833	OK	 
REQUEST		request_110	1678885187679	1678885187839	OK	 
REQUEST		request_21	1678885187815	1678885187845	OK	 
REQUEST		request_22	1678885187817	1678885187848	OK	 
REQUEST		request_28	1678885187826	1678885187852	OK	 
REQUEST		request_159	1678885187683	1678885187855	OK	 
REQUEST		sdfg	1678885187829	1678885187857	OK	 
REQUEST		request_109	1678885187674	1678885187861	OK	 
REQUEST		request_91	1678885187846	1678885187869	OK	 
REQUEST		request_92	1678885187850	1678885187874	OK	 
REQUEST		request_93	1678885187853	1678885187880	OK	 
REQUEST		request_118	1678885187712	1678885187883	OK	 
REQUEST		request_17	1678885187645	1678885187887	OK	 
REQUEST		request_94	1678885187860	1678885187890	OK	 
REQUEST		request_23	1678885187820	1678885187895	OK	 
REQUEST		request_95	1678885187873	1678885187903	OK	 
REQUEST		request_96	1678885187878	1678885187907	OK	 
REQUEST		request_97	1678885187882	1678885187911	OK	 
REQUEST		request_98	1678885187887	1678885187918	OK	 
REQUEST		request_83	1678885187708	1678885187925	OK	 
REQUEST		request_84	1678885187710	1678885187928	OK	 
REQUEST		request_7	1678885187279	1678885187940	OK	 
REQUEST		request_99	1678885187894	1678885187946	OK	 
REQUEST		request_100	1678885187896	1678885187952	OK	 
REQUEST		request_102	1678885187905	1678885187956	OK	 
REQUEST		request_106	1678885187909	1678885187959	OK	 
REQUEST		request_112	1678885187912	1678885187963	OK	 
REQUEST		request_133	1678885187784	1678885187968	OK	 
REQUEST		request_123	1678885187781	1678885187970	OK	 
REQUEST		request_122	1678885187775	1678885187972	OK	 
REQUEST		request_113	1678885187918	1678885187980	OK	 
REQUEST		request_114	1678885187946	1678885187982	OK	 
REQUEST		request_156	1678885187954	1678885187985	OK	 
REQUEST		request_161	1678885187957	1678885187989	OK	 
REQUEST		request_135	1678885187787	1678885187993	OK	 
REQUEST		request_163	1678885187966	1678885187998	OK	 
REQUEST		request_162	1678885187960	1678885188025	OK	 
REQUEST		request_65	1678885187243	1678885188026	OK	 
REQUEST		request_138	1678885187212	1678885188042	OK	 
REQUEST		request_60	1678885187163	1678885188049	OK	 
REQUEST		request_51	1678885187173	1678885188064	OK	 
REQUEST		request_130	1678885187228	1678885188066	OK	 
REQUEST		request_1	1678885187170	1678885188069	OK	 
REQUEST		request_2	1678885187171	1678885188072	OK	 
REQUEST		rhjsrfd	1678885187196	1678885188074	OK	 
REQUEST		request_49	1678885187204	1678885188078	OK	 
REQUEST		request_53	1678885187175	1678885188079	OK	 
REQUEST		request_52	1678885187174	1678885188081	OK	 
REQUEST		request_132	1678885187233	1678885188083	OK	 
REQUEST		request_61	1678885187168	1678885188084	OK	 
REQUEST		request_40	1678885187272	1678885188088	OK	 
REQUEST		request_137	1678885187205	1678885188090	KO	status.find.in([200, 209], 304), found 400
REQUEST		request_25	1678885187194	1678885188091	OK	 
REQUEST		setghsrgfh	1678885187196	1678885188096	OK	 
REQUEST		request_41	1678885187273	1678885188099	OK	 
REQUEST		request_67	1678885187169	1678885188101	OK	 
REQUEST		request_50	1678885187172	1678885188102	OK	 
REQUEST		request_42	1678885187273	1678885188106	OK	 
REQUEST		request_24	1678885187189	1678885188108	OK	 
REQUEST		request_37	1678885187267	1678885188110	OK	 
REQUEST		request_131	1678885187232	1678885188124	OK	 
REQUEST		request_101	1678885187197	1678885188126	OK	 
REQUEST		request_104	1678885187198	1678885188129	OK	 
REQUEST		request_38	1678885187270	1678885188171	OK	 
REQUEST		request_3	1678885187199	1678885188182	OK	 
REQUEST		request_39	1678885187271	1678885188189	OK	 
REQUEST		request_54	1678885188064	1678885188222	OK	 
REQUEST		request_55	1678885188069	1678885188225	OK	 
REQUEST		request_56	1678885188073	1678885188227	OK	 
REQUEST		request_57	1678885188080	1678885188232	OK	 
REQUEST		request_58	1678885188082	1678885188234	OK	 
REQUEST		request_105	1678885188075	1678885188236	OK	 
REQUEST		request_43	1678885188088	1678885188248	OK	 
REQUEST		request_107	1678885188092	1678885188250	OK	 
REQUEST		request_66	1678885188103	1678885188261	OK	 
REQUEST		request_129	1678885188111	1678885188272	OK	 
REQUEST		request_88	1678885188100	1678885188274	OK	 
REQUEST		request_134	1678885188127	1678885188293	OK	 
REQUEST		request_154	1678885188129	1678885188298	OK	 
REQUEST		request_68	1678885188222	1678885188373	OK	 
REQUEST		request_60 Redirect 1	1678885188062	1678885188376	OK	 
REQUEST		request_69	1678885188225	1678885188378	OK	 
REQUEST		request_70	1678885188228	1678885188419	OK	 
REQUEST		request_72	1678885188235	1678885188424	OK	 
REQUEST		request_155	1678885188237	1678885188426	OK	 
REQUEST		request_71	1678885188232	1678885188426	OK	 
REQUEST		request_73	1678885188262	1678885188431	OK	 
REQUEST		request_116	1678885188107	1678885188453	OK	 
REQUEST		request_64 Redirect 1	1678885187805	1678885188482	OK	 
REQUEST		request_74	1678885188374	1678885188525	OK	 
REQUEST		request_136	1678885187941	1678885188528	OK	 
REQUEST		request_75	1678885188378	1678885188531	OK	 
REQUEST		request_115	1678885188097	1678885188572	OK	 
REQUEST		request_79	1678885188420	1678885188577	OK	 
REQUEST		request_85	1678885188425	1678885188579	OK	 
REQUEST		request_86	1678885188427	1678885188580	OK	 
REQUEST		request_87	1678885188431	1678885188587	OK	 
REQUEST		request_119	1678885188526	1678885188677	OK	 
REQUEST		request_120	1678885188531	1678885188683	OK	 
REQUEST		request_59	1678885187216	1678885188692	OK	 
REQUEST		request_125	1678885188578	1678885188730	OK	 
REQUEST		request_126	1678885188579	1678885188731	OK	 
REQUEST		request_127	1678885188580	1678885188734	OK	 
REQUEST		request_139	1678885188587	1678885188743	OK	 
REQUEST		request_140	1678885188678	1678885188835	OK	 
REQUEST		request_117	1678885188109	1678885188888	OK	 
REQUEST		request_44	1678885187262	1678885188928	OK	 
REQUEST		request_103	1678885187772	1678885189015	OK	 
REQUEST		request_141	1678885187968	1678885189102	OK	 
REQUEST		request_164	1678885190117	1678885190370	OK	 
REQUEST		request_182	1678885190381	1678885190438	OK	 
REQUEST		request_194	1678885190433	1678885190440	OK	 
REQUEST		request_195	1678885190433	1678885190440	OK	 
REQUEST		request_187	1678885190435	1678885190528	OK	 
REQUEST		request_180	1678885190386	1678885190538	OK	 
REQUEST		request_165	1678885190384	1678885190539	OK	 
REQUEST		request_170	1678885190385	1678885190540	OK	 
REQUEST		request_167	1678885190385	1678885190541	OK	 
REQUEST		request_172	1678885190386	1678885190543	OK	 
REQUEST		request_196	1678885190383	1678885190545	OK	 
REQUEST		request_181	1678885190382	1678885190545	OK	 
REQUEST		request_197	1678885190384	1678885190546	OK	 
REQUEST		request_176	1678885190382	1678885190546	OK	 
REQUEST		request_171	1678885190386	1678885190547	OK	 
REQUEST		request_214	1678885190389	1678885190548	OK	 
REQUEST		request_213	1678885190388	1678885190549	OK	 
REQUEST		request_211	1678885190388	1678885190549	OK	 
REQUEST		request_210	1678885190388	1678885190550	OK	 
REQUEST		request_183	1678885190432	1678885190566	OK	 
REQUEST		request_175	1678885190436	1678885190588	OK	 
REQUEST		request_169	1678885190431	1678885190589	OK	 
REQUEST		request_182 Redirect 1	1678885190439	1678885190591	OK	 
REQUEST		request_166	1678885190433	1678885190599	OK	 
REQUEST		request_188	1678885190436	1678885190606	OK	 
REQUEST		request_215	1678885190428	1678885190608	OK	 
REQUEST		request_217	1678885190434	1678885190609	OK	 
REQUEST		request_184	1678885190538	1678885190689	OK	 
REQUEST		request_185	1678885190539	1678885190691	OK	 
REQUEST		request_186	1678885190540	1678885190694	OK	 
REQUEST		request_191	1678885190544	1678885190695	OK	 
REQUEST		request_189	1678885190541	1678885190701	OK	 
REQUEST		request_192	1678885190548	1678885190703	OK	 
REQUEST		request_193	1678885190690	1678885190841	OK	 
REQUEST		request_198	1678885190692	1678885190844	OK	 
REQUEST		request_200	1678885190696	1678885190847	OK	 
REQUEST		request_199	1678885190694	1678885190848	OK	 
REQUEST		request_201	1678885190701	1678885190853	OK	 
REQUEST		request_202	1678885190704	1678885190859	OK	 
REQUEST		request_174	1678885190387	1678885190877	OK	 
REQUEST		request_168	1678885190435	1678885190990	OK	 
REQUEST		request_203	1678885190842	1678885190997	OK	 
REQUEST		request_204	1678885190845	1678885190999	OK	 
REQUEST		request_205	1678885190847	1678885191005	OK	 
REQUEST		request_206	1678885190848	1678885191007	OK	 
REQUEST		request_207	1678885190854	1678885191009	OK	 
REQUEST		request_208	1678885190859	1678885191017	OK	 
REQUEST		request_190	1678885190436	1678885191023	OK	 
REQUEST		request_218	1678885190430	1678885191087	OK	 
REQUEST		request_212	1678885190420	1678885191088	OK	 
REQUEST		request_209	1678885190997	1678885191150	OK	 
REQUEST		request_219	1678885191006	1678885191165	OK	 
REQUEST		request_173	1678885190387	1678885191166	OK	 
REQUEST		request_216	1678885190999	1678885191169	OK	 
REQUEST		request_177	1678885190389	1678885191327	OK	 
USER	Amazon	END	1678885191357
