RUN	videogamedb.RecordedSimulation	recordedsimulation	1679059948235	varoables	3.9.2
USER	RecordedSimulation	START	1679059949559
USER	RecordedSimulation	START	1679059949559
USER	RecordedSimulation	START	1679059949560
USER	RecordedSimulation	START	1679059949559
USER	RecordedSimulation	START	1679059949560
USER	RecordedSimulation	START	1679059949560
USER	RecordedSimulation	START	1679059949560
USER	RecordedSimulation	START	1679059949560
USER	RecordedSimulation	START	1679059949560
USER	RecordedSimulation	START	1679059949560
USER	RecordedSimulation	START	1679059949563
USER	RecordedSimulation	START	1679059949563
USER	RecordedSimulation	START	1679059949563
USER	RecordedSimulation	START	1679059949563
USER	RecordedSimulation	START	1679059949563
USER	RecordedSimulation	START	1679059949564
USER	RecordedSimulation	START	1679059949564
USER	RecordedSimulation	START	1679059949564
USER	RecordedSimulation	START	1679059949564
USER	RecordedSimulation	START	1679059949564
USER	RecordedSimulation	START	1679059949564
USER	RecordedSimulation	START	1679059949564
USER	RecordedSimulation	START	1679059949564
USER	RecordedSimulation	START	1679059949565
USER	RecordedSimulation	START	1679059949565
USER	RecordedSimulation	START	1679059949565
USER	RecordedSimulation	START	1679059949565
USER	RecordedSimulation	START	1679059949565
USER	RecordedSimulation	START	1679059949565
USER	RecordedSimulation	START	1679059949565
USER	RecordedSimulation	START	1679059949565
USER	RecordedSimulation	START	1679059949566
USER	RecordedSimulation	START	1679059949566
USER	RecordedSimulation	START	1679059949566
USER	RecordedSimulation	START	1679059949566
USER	RecordedSimulation	START	1679059949566
USER	RecordedSimulation	START	1679059949566
USER	RecordedSimulation	START	1679059949566
USER	RecordedSimulation	START	1679059949566
USER	RecordedSimulation	START	1679059949567
USER	RecordedSimulation	START	1679059949567
USER	RecordedSimulation	START	1679059949567
USER	RecordedSimulation	START	1679059949567
USER	RecordedSimulation	START	1679059949567
USER	RecordedSimulation	START	1679059949567
USER	RecordedSimulation	START	1679059949567
USER	RecordedSimulation	START	1679059949559
USER	RecordedSimulation	START	1679059949568
USER	RecordedSimulation	START	1679059949568
USER	RecordedSimulation	START	1679059949568
USER	RecordedSimulation	START	1679059949568
USER	RecordedSimulation	START	1679059949569
USER	RecordedSimulation	START	1679059949560
USER	RecordedSimulation	START	1679059949569
USER	RecordedSimulation	START	1679059949569
USER	RecordedSimulation	START	1679059949570
USER	RecordedSimulation	START	1679059949570
USER	RecordedSimulation	START	1679059949570
USER	RecordedSimulation	START	1679059949570
USER	RecordedSimulation	START	1679059949570
USER	RecordedSimulation	START	1679059949570
USER	RecordedSimulation	START	1679059949571
USER	RecordedSimulation	START	1679059949571
USER	RecordedSimulation	START	1679059949571
USER	RecordedSimulation	START	1679059949571
USER	RecordedSimulation	START	1679059949571
USER	RecordedSimulation	START	1679059949571
USER	RecordedSimulation	START	1679059949560
USER	RecordedSimulation	START	1679059949572
USER	RecordedSimulation	START	1679059949572
USER	RecordedSimulation	START	1679059949560
USER	RecordedSimulation	START	1679059949572
USER	RecordedSimulation	START	1679059949573
USER	RecordedSimulation	START	1679059949560
USER	RecordedSimulation	START	1679059949574
USER	RecordedSimulation	START	1679059949574
USER	RecordedSimulation	START	1679059949574
USER	RecordedSimulation	START	1679059949560
USER	RecordedSimulation	START	1679059949575
USER	RecordedSimulation	START	1679059949576
USER	RecordedSimulation	START	1679059949576
USER	RecordedSimulation	START	1679059949576
USER	RecordedSimulation	START	1679059949576
USER	RecordedSimulation	START	1679059949576
USER	RecordedSimulation	START	1679059949577
USER	RecordedSimulation	START	1679059949577
USER	RecordedSimulation	START	1679059949578
USER	RecordedSimulation	START	1679059949579
USER	RecordedSimulation	START	1679059949579
USER	RecordedSimulation	START	1679059949579
USER	RecordedSimulation	START	1679059949580
USER	RecordedSimulation	START	1679059949580
USER	RecordedSimulation	START	1679059949580
USER	RecordedSimulation	START	1679059949580
USER	RecordedSimulation	START	1679059949582
USER	RecordedSimulation	START	1679059949582
USER	RecordedSimulation	START	1679059949584
USER	RecordedSimulation	START	1679059949586
USER	RecordedSimulation	START	1679059949586
USER	RecordedSimulation	START	1679059949587
REQUEST		Jsoncheck	1679059949563	1679059950370	OK	 
REQUEST		Jsoncheck	1679059949563	1679059950349	OK	 
REQUEST		Jsoncheck	1679059949564	1679059950347	OK	 
REQUEST		Jsoncheck	1679059949575	1679059950369	OK	 
REQUEST		Jsoncheck	1679059949585	1679059950345	OK	 
REQUEST		Jsoncheck	1679059949563	1679059950372	OK	 
REQUEST		Jsoncheck	1679059949564	1679059950347	OK	 
REQUEST		Jsoncheck	1679059949581	1679059950340	OK	 
REQUEST		Jsoncheck	1679059949576	1679059950368	OK	 
REQUEST		Jsoncheck	1679059949568	1679059950358	OK	 
REQUEST		Jsoncheck	1679059949566	1679059950320	OK	 
REQUEST		Jsoncheck	1679059949564	1679059950320	OK	 
REQUEST		Jsoncheck	1679059949568	1679059950307	OK	 
REQUEST		Jsoncheck	1679059949564	1679059950229	OK	 
REQUEST		Jsoncheck	1679059949581	1679059950334	OK	 
REQUEST		Jsoncheck	1679059949570	1679059950337	OK	 
REQUEST		Jsoncheck	1679059949566	1679059950405	OK	 
REQUEST		Jsoncheck	1679059949583	1679059950405	OK	 
REQUEST		Jsoncheck	1679059949553	1679059950405	OK	 
REQUEST		Jsoncheck	1679059949552	1679059950405	OK	 
REQUEST		Jsoncheck	1679059949552	1679059950405	OK	 
REQUEST		Jsoncheck	1679059949578	1679059950405	OK	 
REQUEST		Jsoncheck	1679059949575	1679059950405	OK	 
REQUEST		Jsoncheck	1679059949567	1679059950407	OK	 
REQUEST		Jsoncheck	1679059949569	1679059950407	OK	 
REQUEST		Jsoncheck	1679059949575	1679059950407	OK	 
REQUEST		Jsoncheck	1679059949567	1679059950407	OK	 
REQUEST		Jsoncheck	1679059949587	1679059950407	OK	 
REQUEST		Jsoncheck	1679059949574	1679059950407	OK	 
REQUEST		Jsoncheck	1679059949569	1679059950407	OK	 
REQUEST		Jsoncheck	1679059949567	1679059950408	OK	 
REQUEST		Jsoncheck	1679059949574	1679059950408	OK	 
REQUEST		Jsoncheck	1679059949569	1679059950409	OK	 
REQUEST		Jsoncheck	1679059949565	1679059950409	OK	 
REQUEST		Jsoncheck	1679059949566	1679059950409	OK	 
REQUEST		Jsoncheck	1679059949572	1679059950409	OK	 
REQUEST		Jsoncheck	1679059949564	1679059950409	OK	 
REQUEST		Jsoncheck	1679059949572	1679059950410	OK	 
REQUEST		Jsoncheck	1679059949572	1679059950410	OK	 
REQUEST		Jsoncheck	1679059949565	1679059950410	OK	 
REQUEST		Jsoncheck	1679059949553	1679059950410	OK	 
REQUEST		Jsoncheck	1679059949564	1679059950411	OK	 
REQUEST		Jsoncheck	1679059949565	1679059950411	OK	 
REQUEST		Jsoncheck	1679059949567	1679059950411	OK	 
REQUEST		Jsoncheck	1679059949569	1679059950411	OK	 
REQUEST		Jsoncheck	1679059949570	1679059950411	OK	 
REQUEST		Jsoncheck	1679059949563	1679059950411	OK	 
REQUEST		Jsoncheck	1679059949564	1679059950411	OK	 
REQUEST		Jsoncheck	1679059949580	1679059950408	OK	 
REQUEST		Jsoncheck	1679059949572	1679059950411	OK	 
REQUEST		Jsoncheck	1679059949565	1679059950412	OK	 
REQUEST		Jsoncheck	1679059949552	1679059950412	OK	 
REQUEST		Jsoncheck	1679059949565	1679059950412	OK	 
REQUEST		Jsoncheck	1679059949565	1679059950412	OK	 
REQUEST		Jsoncheck	1679059949568	1679059950412	OK	 
REQUEST		Jsoncheck	1679059949552	1679059950412	OK	 
REQUEST		Jsoncheck	1679059949577	1679059950412	OK	 
REQUEST		Jsoncheck	1679059949570	1679059950413	OK	 
REQUEST		Jsoncheck	1679059949574	1679059950408	OK	 
REQUEST		Jsoncheck	1679059949566	1679059950413	OK	 
REQUEST		Jsoncheck	1679059949570	1679059950413	OK	 
REQUEST		Jsoncheck	1679059949563	1679059950413	OK	 
REQUEST		Jsoncheck	1679059949563	1679059950413	OK	 
REQUEST		Jsoncheck	1679059949568	1679059950414	OK	 
REQUEST		Jsoncheck	1679059949567	1679059950414	OK	 
REQUEST		Jsoncheck	1679059949552	1679059950414	OK	 
REQUEST		Jsoncheck	1679059949577	1679059950414	OK	 
REQUEST		Jsoncheck	1679059949563	1679059950414	OK	 
REQUEST		Jsoncheck	1679059949552	1679059950408	OK	 
REQUEST		Jsoncheck	1679059949578	1679059950415	OK	 
REQUEST		Jsoncheck	1679059949552	1679059950415	OK	 
REQUEST		Jsoncheck	1679059949564	1679059950415	OK	 
REQUEST		Jsoncheck	1679059949566	1679059950415	OK	 
REQUEST		Jsoncheck	1679059949567	1679059950416	OK	 
REQUEST		Jsoncheck	1679059949580	1679059950416	OK	 
REQUEST		Jsoncheck	1679059949580	1679059950416	OK	 
REQUEST		Jsoncheck	1679059949552	1679059950415	OK	 
REQUEST		Jsoncheck	1679059949573	1679059950417	OK	 
REQUEST		Jsoncheck	1679059949552	1679059950417	OK	 
REQUEST		Jsoncheck	1679059949569	1679059950417	OK	 
REQUEST		Jsoncheck	1679059949566	1679059950417	OK	 
REQUEST		Jsoncheck	1679059949585	1679059950417	OK	 
REQUEST		Jsoncheck	1679059949580	1679059950417	OK	 
REQUEST		Jsoncheck	1679059949566	1679059950417	OK	 
REQUEST		Jsoncheck	1679059949553	1679059950418	OK	 
REQUEST		Jsoncheck	1679059949552	1679059950418	OK	 
REQUEST		Jsoncheck	1679059949552	1679059950418	OK	 
REQUEST		Jsoncheck	1679059949552	1679059950419	OK	 
REQUEST		Jsoncheck	1679059949567	1679059950420	OK	 
REQUEST		Jsoncheck	1679059949563	1679059950420	OK	 
REQUEST		Jsoncheck	1679059949576	1679059950420	OK	 
REQUEST		Jsoncheck	1679059949565	1679059950420	OK	 
REQUEST		Jsoncheck	1679059949565	1679059950421	OK	 
REQUEST		Jsoncheck	1679059949577	1679059950421	OK	 
REQUEST		Jsoncheck	1679059949567	1679059950421	OK	 
REQUEST		Jsoncheck	1679059949578	1679059950423	OK	 
REQUEST		Jsoncheck	1679059949563	1679059950424	OK	 
REQUEST		Jsoncheck	1679059949565	1679059950422	OK	 
REQUEST		Jsoncheck	1679059949563	1679059950426	OK	 
REQUEST		Jsoncheck	1679059949552	1679059950549	OK	 
REQUEST		second	1679059951409	1679059951543	OK	 
REQUEST		second	1679059951408	1679059951545	OK	 
REQUEST		second	1679059951409	1679059951548	OK	 
REQUEST		second	1679059951408	1679059951548	OK	 
REQUEST		second	1679059951410	1679059951548	OK	 
REQUEST		second	1679059951409	1679059951546	OK	 
REQUEST		second	1679059951408	1679059951548	OK	 
REQUEST		second	1679059951408	1679059951550	OK	 
REQUEST		second	1679059951409	1679059951550	OK	 
REQUEST		second	1679059951409	1679059951550	OK	 
REQUEST		second	1679059951408	1679059951551	OK	 
REQUEST		second	1679059951410	1679059951551	OK	 
REQUEST		second	1679059951409	1679059951551	OK	 
REQUEST		second	1679059951410	1679059951550	OK	 
REQUEST		second	1679059951410	1679059951552	OK	 
REQUEST		second	1679059951409	1679059951552	OK	 
REQUEST		second	1679059951409	1679059951555	OK	 
REQUEST		second	1679059951411	1679059951555	OK	 
REQUEST		second	1679059951410	1679059951556	OK	 
REQUEST		second	1679059951411	1679059951556	OK	 
REQUEST		second	1679059951410	1679059951558	OK	 
REQUEST		second	1679059951410	1679059951560	OK	 
REQUEST		second	1679059951410	1679059951560	OK	 
REQUEST		second	1679059951411	1679059951561	OK	 
REQUEST		second	1679059951411	1679059951561	OK	 
REQUEST		second	1679059951412	1679059951561	OK	 
REQUEST		second	1679059951410	1679059951563	OK	 
REQUEST		second	1679059951412	1679059951563	OK	 
REQUEST		second	1679059951411	1679059951565	OK	 
REQUEST		second	1679059951412	1679059951565	OK	 
REQUEST		second	1679059951411	1679059951565	OK	 
REQUEST		second	1679059951411	1679059951568	OK	 
REQUEST		second	1679059951425	1679059951568	OK	 
REQUEST		second	1679059951412	1679059951568	OK	 
REQUEST		second	1679059951412	1679059951570	OK	 
REQUEST		second	1679059951412	1679059951570	OK	 
REQUEST		second	1679059951427	1679059951570	OK	 
REQUEST		second	1679059951412	1679059951571	OK	 
REQUEST		second	1679059951426	1679059951573	OK	 
REQUEST		second	1679059951424	1679059951573	OK	 
REQUEST		second	1679059951424	1679059951573	OK	 
REQUEST		second	1679059951427	1679059951573	OK	 
REQUEST		second	1679059951411	1679059951573	OK	 
REQUEST		second	1679059951413	1679059951574	OK	 
REQUEST		second	1679059951427	1679059951574	OK	 
REQUEST		second	1679059951410	1679059951574	OK	 
REQUEST		second	1679059951411	1679059951575	OK	 
REQUEST		second	1679059951427	1679059951575	OK	 
REQUEST		second	1679059951414	1679059951575	OK	 
REQUEST		second	1679059951424	1679059951575	OK	 
REQUEST		second	1679059951424	1679059951575	OK	 
REQUEST		second	1679059951428	1679059951577	OK	 
REQUEST		second	1679059951413	1679059951577	OK	 
REQUEST		second	1679059951428	1679059951578	OK	 
REQUEST		second	1679059951429	1679059951579	OK	 
REQUEST		second	1679059951424	1679059951582	OK	 
REQUEST		second	1679059951426	1679059951582	OK	 
REQUEST		second	1679059951428	1679059951582	OK	 
REQUEST		second	1679059951425	1679059951582	OK	 
REQUEST		second	1679059951426	1679059951583	OK	 
REQUEST		second	1679059951424	1679059951583	OK	 
REQUEST		second	1679059951428	1679059951583	OK	 
REQUEST		second	1679059951429	1679059951584	OK	 
REQUEST		second	1679059951426	1679059951584	OK	 
REQUEST		second	1679059951424	1679059951585	OK	 
REQUEST		second	1679059951426	1679059951586	OK	 
REQUEST		second	1679059951425	1679059951586	OK	 
REQUEST		second	1679059951428	1679059951585	OK	 
REQUEST		second	1679059951428	1679059951586	OK	 
REQUEST		second	1679059951429	1679059951587	OK	 
REQUEST		second	1679059951424	1679059951587	OK	 
REQUEST		second	1679059951425	1679059951587	OK	 
REQUEST		second	1679059951426	1679059951591	OK	 
REQUEST		second	1679059951428	1679059951591	OK	 
REQUEST		second	1679059951427	1679059951591	OK	 
REQUEST		second	1679059951428	1679059951592	OK	 
REQUEST		second	1679059951427	1679059951591	OK	 
REQUEST		second	1679059951428	1679059951593	OK	 
REQUEST		second	1679059951430	1679059951593	OK	 
REQUEST		second	1679059951427	1679059951593	OK	 
REQUEST		second	1679059951427	1679059951593	OK	 
REQUEST		second	1679059951428	1679059951594	OK	 
REQUEST		second	1679059951429	1679059951597	OK	 
REQUEST		second	1679059951429	1679059951597	OK	 
REQUEST		second	1679059951426	1679059951598	OK	 
REQUEST		second	1679059951427	1679059951598	OK	 
REQUEST		second	1679059951428	1679059951598	OK	 
REQUEST		second	1679059951428	1679059951598	OK	 
REQUEST		second	1679059951426	1679059951597	OK	 
REQUEST		second	1679059951427	1679059951598	OK	 
REQUEST		second	1679059951428	1679059951599	OK	 
REQUEST		second	1679059951425	1679059951599	OK	 
REQUEST		second	1679059951427	1679059951598	OK	 
REQUEST		second	1679059951430	1679059951600	OK	 
REQUEST		second	1679059951428	1679059951601	OK	 
REQUEST		second	1679059951429	1679059951600	OK	 
REQUEST		second	1679059951429	1679059951602	OK	 
REQUEST		second	1679059951426	1679059951604	OK	 
REQUEST		second	1679059951427	1679059951606	OK	 
REQUEST		second	1679059951551	1679059951693	OK	 
REQUEST		THIRD - 2	1679059961597	1679059961743	OK	 
REQUEST		THIRD - 2	1679059961595	1679059961743	OK	 
REQUEST		THIRD - 2	1679059961595	1679059961743	OK	 
REQUEST		THIRD - 2	1679059961595	1679059961746	OK	 
REQUEST		THIRD - 2	1679059961598	1679059961747	OK	 
REQUEST		THIRD - 2	1679059961595	1679059961749	OK	 
REQUEST		THIRD - 2	1679059961595	1679059961751	OK	 
REQUEST		THIRD - 2	1679059961598	1679059961751	OK	 
REQUEST		THIRD - 2	1679059961598	1679059961752	OK	 
REQUEST		THIRD - 2	1679059961595	1679059961755	OK	 
REQUEST		THIRD - 2	1679059961597	1679059961756	OK	 
REQUEST		THIRD - 2	1679059961595	1679059961757	OK	 
REQUEST		THIRD - 2	1679059961598	1679059961758	OK	 
REQUEST		THIRD - 2	1679059961600	1679059961758	OK	 
REQUEST		THIRD - 2	1679059961597	1679059961760	OK	 
REQUEST		THIRD - 2	1679059961595	1679059961762	OK	 
REQUEST		THIRD - 2	1679059961600	1679059961763	OK	 
REQUEST		THIRD - 2	1679059961595	1679059961763	OK	 
REQUEST		THIRD - 2	1679059961601	1679059961767	OK	 
REQUEST		THIRD - 2	1679059961597	1679059961767	OK	 
REQUEST		THIRD - 2	1679059961597	1679059961767	OK	 
REQUEST		THIRD - 2	1679059961595	1679059961768	OK	 
REQUEST		THIRD - 2	1679059961602	1679059961768	OK	 
REQUEST		THIRD - 2	1679059961601	1679059961771	OK	 
REQUEST		THIRD - 2	1679059961597	1679059961771	OK	 
REQUEST		THIRD - 2	1679059961597	1679059961771	OK	 
REQUEST		THIRD - 2	1679059961595	1679059961772	OK	 
REQUEST		THIRD - 2	1679059961597	1679059961779	OK	 
REQUEST		THIRD - 2	1679059961595	1679059961780	OK	 
REQUEST		THIRD - 2	1679059961598	1679059961782	OK	 
REQUEST		THIRD - 2	1679059961600	1679059961782	OK	 
REQUEST		THIRD - 2	1679059961595	1679059961782	OK	 
REQUEST		THIRD - 2	1679059961595	1679059961783	OK	 
REQUEST		THIRD - 2	1679059961597	1679059961783	OK	 
REQUEST		THIRD - 2	1679059961597	1679059961784	OK	 
REQUEST		THIRD - 2	1679059961598	1679059961785	OK	 
REQUEST		THIRD - 2	1679059961595	1679059961786	OK	 
REQUEST		THIRD - 2	1679059961599	1679059961793	OK	 
REQUEST		THIRD - 2	1679059961601	1679059961793	OK	 
REQUEST		THIRD - 2	1679059961603	1679059961793	OK	 
REQUEST		THIRD - 2	1679059961598	1679059961793	OK	 
REQUEST		THIRD - 2	1679059961597	1679059961793	OK	 
REQUEST		THIRD - 2	1679059961600	1679059961794	OK	 
REQUEST		THIRD - 2	1679059961601	1679059961795	OK	 
REQUEST		THIRD - 2	1679059961601	1679059961795	OK	 
REQUEST		THIRD - 2	1679059961598	1679059961795	OK	 
REQUEST		THIRD - 2	1679059961597	1679059961797	OK	 
REQUEST		THIRD - 2	1679059961598	1679059961798	OK	 
REQUEST		THIRD - 2	1679059961598	1679059961799	OK	 
REQUEST		THIRD - 2	1679059961602	1679059961799	OK	 
REQUEST		THIRD - 2	1679059961599	1679059961799	OK	 
REQUEST		THIRD - 2	1679059961599	1679059961803	OK	 
REQUEST		THIRD - 2	1679059961599	1679059961804	OK	 
REQUEST		THIRD - 2	1679059961599	1679059961804	OK	 
REQUEST		THIRD - 2	1679059961598	1679059961804	OK	 
REQUEST		THIRD - 2	1679059961599	1679059961806	OK	 
REQUEST		THIRD - 2	1679059961602	1679059961806	OK	 
REQUEST		THIRD - 2	1679059961600	1679059961806	OK	 
REQUEST		THIRD - 2	1679059961603	1679059961807	OK	 
REQUEST		THIRD - 2	1679059961601	1679059961808	OK	 
REQUEST		THIRD - 2	1679059961602	1679059961808	OK	 
REQUEST		THIRD - 2	1679059961600	1679059961808	OK	 
REQUEST		THIRD - 2	1679059961600	1679059961808	OK	 
REQUEST		THIRD - 2	1679059961604	1679059961813	OK	 
REQUEST		THIRD - 2	1679059961599	1679059961813	OK	 
REQUEST		THIRD - 2	1679059961598	1679059962079	OK	 
REQUEST		THIRD - 2	1679059961600	1679059962082	OK	 
REQUEST		THIRD - 2	1679059961603	1679059962083	OK	 
REQUEST		THIRD - 2	1679059961601	1679059962083	OK	 
REQUEST		THIRD - 2	1679059961601	1679059962083	OK	 
REQUEST		THIRD - 2	1679059961602	1679059962085	OK	 
REQUEST		THIRD - 2	1679059961595	1679059962085	OK	 
REQUEST		THIRD - 2	1679059961604	1679059962086	OK	 
REQUEST		THIRD - 2	1679059961600	1679059962089	OK	 
REQUEST		THIRD - 2	1679059961604	1679059962089	OK	 
REQUEST		THIRD - 2	1679059961598	1679059962089	OK	 
REQUEST		THIRD - 2	1679059961597	1679059962089	OK	 
REQUEST		THIRD - 2	1679059961613	1679059962089	OK	 
REQUEST		THIRD - 2	1679059961601	1679059962089	OK	 
REQUEST		THIRD - 2	1679059961602	1679059962092	OK	 
REQUEST		THIRD - 2	1679059961708	1679059962092	OK	 
REQUEST		THIRD - 2	1679059961603	1679059962092	OK	 
REQUEST		THIRD - 2	1679059961602	1679059962092	OK	 
REQUEST		THIRD - 2	1679059961603	1679059962093	OK	 
REQUEST		THIRD - 2	1679059961603	1679059962093	OK	 
REQUEST		THIRD - 2	1679059961613	1679059962093	OK	 
REQUEST		THIRD - 2	1679059961602	1679059962093	OK	 
REQUEST		THIRD - 2	1679059961603	1679059962093	OK	 
REQUEST		THIRD - 2	1679059961603	1679059962093	OK	 
REQUEST		THIRD - 2	1679059961604	1679059962094	OK	 
REQUEST		THIRD - 2	1679059961598	1679059962094	OK	 
REQUEST		THIRD - 2	1679059961613	1679059962094	OK	 
REQUEST		THIRD - 2	1679059961598	1679059962096	OK	 
REQUEST		THIRD - 2	1679059961598	1679059962096	OK	 
REQUEST		THIRD - 2	1679059961602	1679059962097	OK	 
REQUEST		THIRD - 2	1679059961601	1679059962097	OK	 
REQUEST		THIRD - 2	1679059961601	1679059962097	OK	 
REQUEST		THIRD - 2	1679059961603	1679059962099	OK	 
REQUEST		THIRD - 2	1679059961605	1679059962099	OK	 
REQUEST		THIRD - 2	1679059961614	1679059962100	OK	 
REQUEST		fourth - 	1679059963775	1679059963921	KO	status.find.in([200, 209], 304), found 403
REQUEST		fourth - 	1679059963775	1679059963921	KO	status.find.in([200, 209], 304), found 403
REQUEST		fourth - 	1679059963776	1679059963929	KO	status.find.in([200, 209], 304), found 403
REQUEST		fourth - 	1679059963776	1679059963929	KO	status.find.in([200, 209], 304), found 403
REQUEST		fourth - 	1679059963776	1679059963929	KO	status.find.in([200, 209], 304), found 403
REQUEST		fourth - 	1679059963776	1679059963929	KO	status.find.in([200, 209], 304), found 403
REQUEST		fourth - 	1679059963775	1679059963929	KO	status.find.in([200, 209], 304), found 403
REQUEST		fourth - 	1679059963775	1679059963929	KO	status.find.in([200, 209], 304), found 403
REQUEST		fourth - 	1679059963776	1679059963931	KO	status.find.in([200, 209], 304), found 403
REQUEST		fourth - 	1679059963775	1679059963932	KO	status.find.in([200, 209], 304), found 403
REQUEST		fourth - 	1679059963776	1679059963932	KO	status.find.in([200, 209], 304), found 403
REQUEST		fourth - 	1679059963777	1679059963933	KO	status.find.in([200, 209], 304), found 403
REQUEST		fourth - 	1679059963777	1679059963934	KO	status.find.in([200, 209], 304), found 403
REQUEST		fourth - 	1679059963775	1679059963934	KO	status.find.in([200, 209], 304), found 403
REQUEST		fourth - 	1679059963776	1679059963934	KO	status.find.in([200, 209], 304), found 403
REQUEST		fourth - 	1679059963776	1679059963936	KO	status.find.in([200, 209], 304), found 403
REQUEST		fourth - 	1679059963778	1679059963936	KO	status.find.in([200, 209], 304), found 403
REQUEST		fourth - 	1679059963777	1679059963939	KO	status.find.in([200, 209], 304), found 403
REQUEST		fourth - 	1679059963777	1679059963939	KO	status.find.in([200, 209], 304), found 403
REQUEST		fourth - 	1679059963775	1679059963939	KO	status.find.in([200, 209], 304), found 403
REQUEST		fourth - 	1679059963776	1679059963939	KO	status.find.in([200, 209], 304), found 403
REQUEST		fourth - 	1679059963776	1679059963939	KO	status.find.in([200, 209], 304), found 403
REQUEST		fourth - 	1679059963776	1679059963940	KO	status.find.in([200, 209], 304), found 403
REQUEST		fourth - 	1679059963776	1679059963941	KO	status.find.in([200, 209], 304), found 403
REQUEST		fourth - 	1679059963777	1679059963941	KO	status.find.in([200, 209], 304), found 403
REQUEST		fourth - 	1679059963775	1679059963942	KO	status.find.in([200, 209], 304), found 403
REQUEST		fourth - 	1679059963775	1679059963949	KO	status.find.in([200, 209], 304), found 403
REQUEST		fourth - 	1679059963793	1679059963951	KO	status.find.in([200, 209], 304), found 403
REQUEST		fourth - 	1679059963793	1679059963953	KO	status.find.in([200, 209], 304), found 403
REQUEST		fourth - 	1679059963795	1679059963956	KO	status.find.in([200, 209], 304), found 403
REQUEST		fourth - 	1679059963793	1679059963957	KO	status.find.in([200, 209], 304), found 403
REQUEST		fourth - 	1679059963795	1679059963957	KO	status.find.in([200, 209], 304), found 403
REQUEST		fourth - 	1679059963794	1679059963958	KO	status.find.in([200, 209], 304), found 403
REQUEST		fourth - 	1679059963795	1679059963958	KO	status.find.in([200, 209], 304), found 403
REQUEST		fourth - 	1679059963793	1679059963960	KO	status.find.in([200, 209], 304), found 403
REQUEST		fourth - 	1679059963793	1679059963960	KO	status.find.in([200, 209], 304), found 403
REQUEST		fourth - 	1679059963796	1679059963960	KO	status.find.in([200, 209], 304), found 403
REQUEST		fourth - 	1679059963795	1679059963961	KO	status.find.in([200, 209], 304), found 403
REQUEST		fourth - 	1679059963795	1679059963961	KO	status.find.in([200, 209], 304), found 403
REQUEST		fourth - 	1679059963795	1679059963961	KO	status.find.in([200, 209], 304), found 403
REQUEST		fourth - 	1679059963809	1679059963962	KO	status.find.in([200, 209], 304), found 403
REQUEST		fourth - 	1679059963809	1679059963962	KO	status.find.in([200, 209], 304), found 403
REQUEST		fourth - 	1679059963793	1679059963965	KO	status.find.in([200, 209], 304), found 403
REQUEST		fourth - 	1679059963810	1679059963965	KO	status.find.in([200, 209], 304), found 403
REQUEST		fourth - 	1679059963808	1679059963966	KO	status.find.in([200, 209], 304), found 403
REQUEST		fourth - 	1679059963810	1679059963966	KO	status.find.in([200, 209], 304), found 403
REQUEST		fourth - 	1679059963809	1679059963967	KO	status.find.in([200, 209], 304), found 403
REQUEST		fourth - 	1679059963808	1679059963968	KO	status.find.in([200, 209], 304), found 403
REQUEST		fourth - 	1679059963810	1679059963968	KO	status.find.in([200, 209], 304), found 403
REQUEST		fourth - 	1679059963809	1679059963968	KO	status.find.in([200, 209], 304), found 403
REQUEST		fourth - 	1679059963808	1679059963970	KO	status.find.in([200, 209], 304), found 403
REQUEST		fourth - 	1679059963810	1679059963972	KO	status.find.in([200, 209], 304), found 403
REQUEST		fourth - 	1679059963810	1679059963972	KO	status.find.in([200, 209], 304), found 403
REQUEST		fourth - 	1679059963809	1679059963972	KO	status.find.in([200, 209], 304), found 403
REQUEST		fourth - 	1679059963811	1679059963972	KO	status.find.in([200, 209], 304), found 403
REQUEST		fourth - 	1679059963810	1679059963974	KO	status.find.in([200, 209], 304), found 403
REQUEST		fourth - 	1679059963811	1679059963975	KO	status.find.in([200, 209], 304), found 403
REQUEST		fourth - 	1679059963823	1679059963975	KO	status.find.in([200, 209], 304), found 403
REQUEST		fourth - 	1679059963808	1679059963975	KO	status.find.in([200, 209], 304), found 403
REQUEST		fourth - 	1679059963812	1679059963975	KO	status.find.in([200, 209], 304), found 403
REQUEST		fourth - 	1679059963811	1679059963976	KO	status.find.in([200, 209], 304), found 403
REQUEST		fourth - 	1679059963809	1679059963977	KO	status.find.in([200, 209], 304), found 403
REQUEST		fourth - 	1679059963810	1679059963980	KO	status.find.in([200, 209], 304), found 403
REQUEST		fourth - 	1679059963823	1679059963980	KO	status.find.in([200, 209], 304), found 403
REQUEST		fourth - 	1679059963823	1679059963982	KO	status.find.in([200, 209], 304), found 403
REQUEST		fourth - 	1679059964086	1679059964230	KO	status.find.in([200, 209], 304), found 403
REQUEST		fourth - 	1679059964086	1679059964230	KO	status.find.in([200, 209], 304), found 403
REQUEST		fourth - 	1679059964088	1679059964230	KO	status.find.in([200, 209], 304), found 403
REQUEST		fourth - 	1679059964086	1679059964232	KO	status.find.in([200, 209], 304), found 403
REQUEST		fourth - 	1679059964086	1679059964232	KO	status.find.in([200, 209], 304), found 403
REQUEST		fourth - 	1679059964086	1679059964232	KO	status.find.in([200, 209], 304), found 403
REQUEST		fourth - 	1679059964102	1679059964242	KO	status.find.in([200, 209], 304), found 403
REQUEST		fourth - 	1679059964102	1679059964242	KO	status.find.in([200, 209], 304), found 403
REQUEST		fourth - 	1679059964105	1679059964247	KO	status.find.in([200, 209], 304), found 403
REQUEST		fourth - 	1679059964102	1679059964253	KO	status.find.in([200, 209], 304), found 403
REQUEST		fourth - 	1679059964106	1679059964253	KO	status.find.in([200, 209], 304), found 403
REQUEST		fourth - 	1679059964106	1679059964253	KO	status.find.in([200, 209], 304), found 403
REQUEST		fourth - 	1679059964103	1679059964253	KO	status.find.in([200, 209], 304), found 403
REQUEST		fourth - 	1679059964102	1679059964255	KO	status.find.in([200, 209], 304), found 403
REQUEST		fourth - 	1679059964103	1679059964255	KO	status.find.in([200, 209], 304), found 403
REQUEST		fourth - 	1679059964104	1679059964255	KO	status.find.in([200, 209], 304), found 403
REQUEST		fourth - 	1679059964103	1679059964256	KO	status.find.in([200, 209], 304), found 403
REQUEST		fourth - 	1679059964105	1679059964257	KO	status.find.in([200, 209], 304), found 403
REQUEST		fourth - 	1679059964106	1679059964257	KO	status.find.in([200, 209], 304), found 403
REQUEST		fourth - 	1679059964107	1679059964259	KO	status.find.in([200, 209], 304), found 403
REQUEST		fourth - 	1679059964103	1679059964260	KO	status.find.in([200, 209], 304), found 403
REQUEST		fourth - 	1679059964102	1679059964260	KO	status.find.in([200, 209], 304), found 403
REQUEST		fourth - 	1679059964105	1679059964260	KO	status.find.in([200, 209], 304), found 403
REQUEST		fourth - 	1679059964102	1679059964261	KO	status.find.in([200, 209], 304), found 403
REQUEST		fourth - 	1679059964106	1679059964261	KO	status.find.in([200, 209], 304), found 403
REQUEST		fourth - 	1679059964105	1679059964264	KO	status.find.in([200, 209], 304), found 403
REQUEST		fourth - 	1679059964106	1679059964265	KO	status.find.in([200, 209], 304), found 403
REQUEST		fourth - 	1679059964107	1679059964266	KO	status.find.in([200, 209], 304), found 403
REQUEST		fourth - 	1679059964109	1679059964266	KO	status.find.in([200, 209], 304), found 403
REQUEST		fourth - 	1679059964110	1679059964267	KO	status.find.in([200, 209], 304), found 403
REQUEST		fourth - 	1679059964111	1679059964268	KO	status.find.in([200, 209], 304), found 403
REQUEST		fourth - 	1679059964108	1679059964270	KO	status.find.in([200, 209], 304), found 403
REQUEST		fourth - 	1679059964107	1679059964270	KO	status.find.in([200, 209], 304), found 403
REQUEST		fourth - 	1679059964105	1679059964272	KO	status.find.in([200, 209], 304), found 403
REQUEST		fourth - 	1679059964102	1679059964272	KO	status.find.in([200, 209], 304), found 403
REQUEST		Fifth	1679059964944	1679059965083	KO	status.find.in([200, 209], 304), found 403
REQUEST		Fifth	1679059964943	1679059965083	KO	status.find.in([200, 209], 304), found 403
REQUEST		Fifth	1679059964944	1679059965085	KO	status.find.in([200, 209], 304), found 403
REQUEST		Fifth	1679059964945	1679059965085	KO	status.find.in([200, 209], 304), found 403
REQUEST		Fifth	1679059964943	1679059965085	KO	status.find.in([200, 209], 304), found 403
REQUEST		Fifth	1679059964943	1679059965087	KO	status.find.in([200, 209], 304), found 403
REQUEST		Fifth	1679059964945	1679059965087	KO	status.find.in([200, 209], 304), found 403
REQUEST		Fifth	1679059964944	1679059965087	KO	status.find.in([200, 209], 304), found 403
REQUEST		Fifth	1679059964945	1679059965088	KO	status.find.in([200, 209], 304), found 403
REQUEST		Fifth	1679059964946	1679059965089	KO	status.find.in([200, 209], 304), found 403
REQUEST		Fifth	1679059964946	1679059965091	KO	status.find.in([200, 209], 304), found 403
REQUEST		Fifth	1679059964944	1679059965091	KO	status.find.in([200, 209], 304), found 403
REQUEST		Fifth	1679059964945	1679059965092	KO	status.find.in([200, 209], 304), found 403
REQUEST		Fifth	1679059964945	1679059965092	KO	status.find.in([200, 209], 304), found 403
REQUEST		Fifth	1679059964945	1679059965093	KO	status.find.in([200, 209], 304), found 403
REQUEST		Fifth	1679059964945	1679059965093	KO	status.find.in([200, 209], 304), found 403
REQUEST		Fifth	1679059964944	1679059965094	KO	status.find.in([200, 209], 304), found 403
REQUEST		Fifth	1679059964946	1679059965094	KO	status.find.in([200, 209], 304), found 403
REQUEST		Fifth	1679059964945	1679059965095	KO	status.find.in([200, 209], 304), found 403
REQUEST		Fifth	1679059964945	1679059965096	KO	status.find.in([200, 209], 304), found 403
REQUEST		Fifth	1679059964944	1679059965096	KO	status.find.in([200, 209], 304), found 403
REQUEST		Fifth	1679059964958	1679059965100	KO	status.find.in([200, 209], 304), found 403
REQUEST		Fifth	1679059964959	1679059965100	KO	status.find.in([200, 209], 304), found 403
REQUEST		Fifth	1679059964958	1679059965101	KO	status.find.in([200, 209], 304), found 403
REQUEST		Fifth	1679059964943	1679059965101	KO	status.find.in([200, 209], 304), found 403
REQUEST		Fifth	1679059964943	1679059965101	KO	status.find.in([200, 209], 304), found 403
REQUEST		Fifth	1679059964943	1679059965105	KO	status.find.in([200, 209], 304), found 403
REQUEST		Fifth	1679059964945	1679059965105	KO	status.find.in([200, 209], 304), found 403
REQUEST		Fifth	1679059964959	1679059965106	KO	status.find.in([200, 209], 304), found 403
REQUEST		Fifth	1679059964958	1679059965106	KO	status.find.in([200, 209], 304), found 403
REQUEST		Fifth	1679059964958	1679059965106	KO	status.find.in([200, 209], 304), found 403
REQUEST		Fifth	1679059964945	1679059965106	KO	status.find.in([200, 209], 304), found 403
REQUEST		Fifth	1679059964958	1679059965108	KO	status.find.in([200, 209], 304), found 403
REQUEST		Fifth	1679059964975	1679059965108	KO	status.find.in([200, 209], 304), found 403
REQUEST		Fifth	1679059964974	1679059965109	KO	status.find.in([200, 209], 304), found 403
REQUEST		Fifth	1679059964975	1679059965112	KO	status.find.in([200, 209], 304), found 403
REQUEST		Fifth	1679059964976	1679059965115	KO	status.find.in([200, 209], 304), found 403
REQUEST		Fifth	1679059964976	1679059965116	KO	status.find.in([200, 209], 304), found 403
REQUEST		Fifth	1679059964974	1679059965116	KO	status.find.in([200, 209], 304), found 403
REQUEST		Fifth	1679059964976	1679059965117	KO	status.find.in([200, 209], 304), found 403
REQUEST		Fifth	1679059964975	1679059965121	KO	status.find.in([200, 209], 304), found 403
REQUEST		Fifth	1679059964976	1679059965121	KO	status.find.in([200, 209], 304), found 403
REQUEST		Fifth	1679059964977	1679059965121	KO	status.find.in([200, 209], 304), found 403
REQUEST		Fifth	1679059964974	1679059965122	KO	status.find.in([200, 209], 304), found 403
REQUEST		Fifth	1679059964974	1679059965122	KO	status.find.in([200, 209], 304), found 403
REQUEST		Fifth	1679059964975	1679059965123	KO	status.find.in([200, 209], 304), found 403
REQUEST		Fifth	1679059964975	1679059965123	KO	status.find.in([200, 209], 304), found 403
REQUEST		Fifth	1679059964977	1679059965123	KO	status.find.in([200, 209], 304), found 403
REQUEST		Fifth	1679059964976	1679059965124	KO	status.find.in([200, 209], 304), found 403
REQUEST		Fifth	1679059964976	1679059965126	KO	status.find.in([200, 209], 304), found 403
REQUEST		Fifth	1679059964976	1679059965126	KO	status.find.in([200, 209], 304), found 403
REQUEST		Fifth	1679059964974	1679059965126	KO	status.find.in([200, 209], 304), found 403
REQUEST		Fifth	1679059964976	1679059965126	KO	status.find.in([200, 209], 304), found 403
REQUEST		Fifth	1679059964977	1679059965126	KO	status.find.in([200, 209], 304), found 403
REQUEST		Fifth	1679059964977	1679059965127	KO	status.find.in([200, 209], 304), found 403
REQUEST		Fifth	1679059964990	1679059965127	KO	status.find.in([200, 209], 304), found 403
REQUEST		Fifth	1679059964975	1679059965128	KO	status.find.in([200, 209], 304), found 403
REQUEST		Fifth	1679059964977	1679059965129	KO	status.find.in([200, 209], 304), found 403
REQUEST		Fifth	1679059964975	1679059965129	KO	status.find.in([200, 209], 304), found 403
REQUEST		Fifth	1679059964990	1679059965130	KO	status.find.in([200, 209], 304), found 403
REQUEST		Fifth	1679059964990	1679059965132	KO	status.find.in([200, 209], 304), found 403
REQUEST		Fifth	1679059964990	1679059965133	KO	status.find.in([200, 209], 304), found 403
REQUEST		Fifth	1679059964990	1679059965135	KO	status.find.in([200, 209], 304), found 403
REQUEST		Fifth	1679059964990	1679059965135	KO	status.find.in([200, 209], 304), found 403
REQUEST		Fifth	1679059964990	1679059965137	KO	status.find.in([200, 209], 304), found 403
REQUEST		Fifth	1679059965238	1679059965376	KO	status.find.in([200, 209], 304), found 403
REQUEST		Fifth	1679059965238	1679059965378	KO	status.find.in([200, 209], 304), found 403
REQUEST		Fifth	1679059965238	1679059965379	KO	status.find.in([200, 209], 304), found 403
REQUEST		Fifth	1679059965238	1679059965380	KO	status.find.in([200, 209], 304), found 403
REQUEST		Fifth	1679059965239	1679059965385	KO	status.find.in([200, 209], 304), found 403
REQUEST		Fifth	1679059965238	1679059965385	KO	status.find.in([200, 209], 304), found 403
REQUEST		Fifth	1679059965253	1679059965388	KO	status.find.in([200, 209], 304), found 403
REQUEST		Fifth	1679059965253	1679059965391	KO	status.find.in([200, 209], 304), found 403
REQUEST		Fifth	1679059965253	1679059965391	KO	status.find.in([200, 209], 304), found 403
REQUEST		Fifth	1679059965254	1679059965393	KO	status.find.in([200, 209], 304), found 403
REQUEST		Fifth	1679059965268	1679059965407	KO	status.find.in([200, 209], 304), found 403
REQUEST		Fifth	1679059965270	1679059965409	KO	status.find.in([200, 209], 304), found 403
REQUEST		Fifth	1679059965268	1679059965410	KO	status.find.in([200, 209], 304), found 403
REQUEST		Fifth	1679059965269	1679059965413	KO	status.find.in([200, 209], 304), found 403
REQUEST		Fifth	1679059965270	1679059965413	KO	status.find.in([200, 209], 304), found 403
REQUEST		Fifth	1679059965269	1679059965414	KO	status.find.in([200, 209], 304), found 403
REQUEST		Fifth	1679059965269	1679059965414	KO	status.find.in([200, 209], 304), found 403
REQUEST		Fifth	1679059965270	1679059965416	KO	status.find.in([200, 209], 304), found 403
REQUEST		Fifth	1679059965269	1679059965422	KO	status.find.in([200, 209], 304), found 403
REQUEST		Fifth	1679059965268	1679059965422	KO	status.find.in([200, 209], 304), found 403
REQUEST		Fifth	1679059965269	1679059965422	KO	status.find.in([200, 209], 304), found 403
REQUEST		Fifth	1679059965269	1679059965422	KO	status.find.in([200, 209], 304), found 403
REQUEST		Fifth	1679059965268	1679059965422	KO	status.find.in([200, 209], 304), found 403
REQUEST		Fifth	1679059965269	1679059965423	KO	status.find.in([200, 209], 304), found 403
REQUEST		Fifth	1679059965268	1679059965423	KO	status.find.in([200, 209], 304), found 403
REQUEST		Fifth	1679059965270	1679059965423	KO	status.find.in([200, 209], 304), found 403
REQUEST		Fifth	1679059965269	1679059965424	KO	status.find.in([200, 209], 304), found 403
REQUEST		Fifth	1679059965271	1679059965424	KO	status.find.in([200, 209], 304), found 403
REQUEST		Fifth	1679059965271	1679059965425	KO	status.find.in([200, 209], 304), found 403
REQUEST		Fifth	1679059965270	1679059965425	KO	status.find.in([200, 209], 304), found 403
REQUEST		Fifth	1679059965269	1679059965425	KO	status.find.in([200, 209], 304), found 403
REQUEST		Fifth	1679059965284	1679059965429	KO	status.find.in([200, 209], 304), found 403
REQUEST		Fifth	1679059965284	1679059965430	KO	status.find.in([200, 209], 304), found 403
REQUEST		Fifth	1679059965284	1679059965430	KO	status.find.in([200, 209], 304), found 403
REQUEST		Fifth	1679059965284	1679059965431	KO	status.find.in([200, 209], 304), found 403
REQUEST		LAst	1679059966092	1679059966230	KO	status.find.in([200, 209], 304), found 403
REQUEST		LAst	1679059966092	1679059966230	KO	status.find.in([200, 209], 304), found 403
REQUEST		LAst	1679059966092	1679059966230	KO	status.find.in([200, 209], 304), found 403
REQUEST		LAst	1679059966092	1679059966233	KO	status.find.in([200, 209], 304), found 403
REQUEST		LAst	1679059966092	1679059966236	KO	status.find.in([200, 209], 304), found 403
REQUEST		LAst	1679059966092	1679059966236	KO	status.find.in([200, 209], 304), found 403
REQUEST		LAst	1679059966092	1679059966237	KO	status.find.in([200, 209], 304), found 403
REQUEST		LAst	1679059966093	1679059966239	KO	status.find.in([200, 209], 304), found 403
REQUEST		LAst	1679059966108	1679059966245	KO	status.find.in([200, 209], 304), found 403
REQUEST		LAst	1679059966109	1679059966249	KO	status.find.in([200, 209], 304), found 403
REQUEST		LAst	1679059966093	1679059966249	KO	status.find.in([200, 209], 304), found 403
REQUEST		LAst	1679059966094	1679059966249	KO	status.find.in([200, 209], 304), found 403
REQUEST		LAst	1679059966092	1679059966249	KO	status.find.in([200, 209], 304), found 403
REQUEST		LAst	1679059966093	1679059966249	KO	status.find.in([200, 209], 304), found 403
REQUEST		LAst	1679059966094	1679059966250	KO	status.find.in([200, 209], 304), found 403
REQUEST		LAst	1679059966093	1679059966250	KO	status.find.in([200, 209], 304), found 403
REQUEST		LAst	1679059966107	1679059966250	KO	status.find.in([200, 209], 304), found 403
REQUEST		LAst	1679059966109	1679059966250	KO	status.find.in([200, 209], 304), found 403
REQUEST		LAst	1679059966107	1679059966251	KO	status.find.in([200, 209], 304), found 403
REQUEST		LAst	1679059966109	1679059966252	KO	status.find.in([200, 209], 304), found 403
REQUEST		LAst	1679059966108	1679059966252	KO	status.find.in([200, 209], 304), found 403
REQUEST		LAst	1679059966108	1679059966253	KO	status.find.in([200, 209], 304), found 403
REQUEST		LAst	1679059966108	1679059966253	KO	status.find.in([200, 209], 304), found 403
REQUEST		LAst	1679059966107	1679059966255	KO	status.find.in([200, 209], 304), found 403
REQUEST		LAst	1679059966108	1679059966255	KO	status.find.in([200, 209], 304), found 403
REQUEST		LAst	1679059966109	1679059966255	KO	status.find.in([200, 209], 304), found 403
REQUEST		LAst	1679059966108	1679059966256	KO	status.find.in([200, 209], 304), found 403
REQUEST		LAst	1679059966107	1679059966256	KO	status.find.in([200, 209], 304), found 403
REQUEST		LAst	1679059966107	1679059966256	KO	status.find.in([200, 209], 304), found 403
REQUEST		LAst	1679059966123	1679059966257	KO	status.find.in([200, 209], 304), found 403
REQUEST		LAst	1679059966109	1679059966257	KO	status.find.in([200, 209], 304), found 403
REQUEST		LAst	1679059966108	1679059966259	KO	status.find.in([200, 209], 304), found 403
REQUEST		LAst	1679059966107	1679059966259	KO	status.find.in([200, 209], 304), found 403
REQUEST		LAst	1679059966123	1679059966259	KO	status.find.in([200, 209], 304), found 403
REQUEST		LAst	1679059966123	1679059966261	KO	status.find.in([200, 209], 304), found 403
REQUEST		LAst	1679059966123	1679059966261	KO	status.find.in([200, 209], 304), found 403
REQUEST		LAst	1679059966123	1679059966263	KO	status.find.in([200, 209], 304), found 403
REQUEST		LAst	1679059966123	1679059966263	KO	status.find.in([200, 209], 304), found 403
REQUEST		LAst	1679059966123	1679059966263	KO	status.find.in([200, 209], 304), found 403
REQUEST		LAst	1679059966123	1679059966263	KO	status.find.in([200, 209], 304), found 403
REQUEST		LAst	1679059966124	1679059966264	KO	status.find.in([200, 209], 304), found 403
REQUEST		LAst	1679059966123	1679059966264	KO	status.find.in([200, 209], 304), found 403
REQUEST		LAst	1679059966123	1679059966264	KO	status.find.in([200, 209], 304), found 403
REQUEST		LAst	1679059966109	1679059966267	KO	status.find.in([200, 209], 304), found 403
REQUEST		LAst	1679059966123	1679059966267	KO	status.find.in([200, 209], 304), found 403
REQUEST		LAst	1679059966138	1679059966276	KO	status.find.in([200, 209], 304), found 403
REQUEST		LAst	1679059966138	1679059966278	KO	status.find.in([200, 209], 304), found 403
REQUEST		LAst	1679059966139	1679059966279	KO	status.find.in([200, 209], 304), found 403
REQUEST		LAst	1679059966137	1679059966279	KO	status.find.in([200, 209], 304), found 403
REQUEST		LAst	1679059966139	1679059966279	KO	status.find.in([200, 209], 304), found 403
REQUEST		LAst	1679059966138	1679059966281	KO	status.find.in([200, 209], 304), found 403
REQUEST		LAst	1679059966137	1679059966281	KO	status.find.in([200, 209], 304), found 403
REQUEST		LAst	1679059966137	1679059966283	KO	status.find.in([200, 209], 304), found 403
REQUEST		LAst	1679059966138	1679059966284	KO	status.find.in([200, 209], 304), found 403
REQUEST		LAst	1679059966139	1679059966286	KO	status.find.in([200, 209], 304), found 403
REQUEST		LAst	1679059966140	1679059966286	KO	status.find.in([200, 209], 304), found 403
REQUEST		LAst	1679059966139	1679059966286	KO	status.find.in([200, 209], 304), found 403
REQUEST		LAst	1679059966139	1679059966287	KO	status.find.in([200, 209], 304), found 403
REQUEST		LAst	1679059966139	1679059966289	KO	status.find.in([200, 209], 304), found 403
REQUEST		LAst	1679059966138	1679059966289	KO	status.find.in([200, 209], 304), found 403
REQUEST		LAst	1679059966139	1679059966289	KO	status.find.in([200, 209], 304), found 403
REQUEST		LAst	1679059966138	1679059966289	KO	status.find.in([200, 209], 304), found 403
REQUEST		LAst	1679059966140	1679059966290	KO	status.find.in([200, 209], 304), found 403
REQUEST		LAst	1679059966138	1679059966290	KO	status.find.in([200, 209], 304), found 403
REQUEST		LAst	1679059966141	1679059966292	KO	status.find.in([200, 209], 304), found 403
REQUEST		lateststatuscheck - 	1679059966245	1679059966386	KO	status.find.in([200, 209], 304), found 403
REQUEST		lateststatuscheck - 	1679059966245	1679059966382	KO	status.find.in([200, 209], 304), found 403
REQUEST		lateststatuscheck - 	1679059966245	1679059966387	KO	status.find.in([200, 209], 304), found 403
REQUEST		lateststatuscheck - 	1679059966250	1679059966387	KO	status.find.in([200, 209], 304), found 403
REQUEST		lateststatuscheck - 	1679059966245	1679059966389	KO	status.find.in([200, 209], 304), found 403
REQUEST		lateststatuscheck - 	1679059966250	1679059966389	KO	status.find.in([200, 209], 304), found 403
REQUEST		lateststatuscheck - 	1679059966245	1679059966391	KO	status.find.in([200, 209], 304), found 403
REQUEST		lateststatuscheck - 	1679059966246	1679059966391	KO	status.find.in([200, 209], 304), found 403
REQUEST		lateststatuscheck - 	1679059966250	1679059966392	KO	status.find.in([200, 209], 304), found 403
REQUEST		lateststatuscheck - 	1679059966251	1679059966394	KO	status.find.in([200, 209], 304), found 403
REQUEST		lateststatuscheck - 	1679059966254	1679059966395	KO	status.find.in([200, 209], 304), found 403
REQUEST		lateststatuscheck - 	1679059966256	1679059966413	KO	status.find.in([200, 209], 304), found 403
REQUEST		lateststatuscheck - 	1679059966253	1679059966413	KO	status.find.in([200, 209], 304), found 403
REQUEST		lateststatuscheck - 	1679059966251	1679059966415	KO	status.find.in([200, 209], 304), found 403
REQUEST		lateststatuscheck - 	1679059966245	1679059966419	KO	status.find.in([200, 209], 304), found 403
REQUEST		lateststatuscheck - 	1679059966252	1679059966419	KO	status.find.in([200, 209], 304), found 403
REQUEST		lateststatuscheck - 	1679059966250	1679059966420	KO	status.find.in([200, 209], 304), found 403
REQUEST		lateststatuscheck - 	1679059966255	1679059966421	KO	status.find.in([200, 209], 304), found 403
REQUEST		lateststatuscheck - 	1679059966264	1679059966421	KO	status.find.in([200, 209], 304), found 403
REQUEST		lateststatuscheck - 	1679059966251	1679059966422	KO	status.find.in([200, 209], 304), found 403
REQUEST		lateststatuscheck - 	1679059966255	1679059966422	KO	status.find.in([200, 209], 304), found 403
REQUEST		lateststatuscheck - 	1679059966254	1679059966422	KO	status.find.in([200, 209], 304), found 403
USER	RecordedSimulation	END	1679059966423
REQUEST		lateststatuscheck - 	1679059966260	1679059966423	KO	status.find.in([200, 209], 304), found 403
USER	RecordedSimulation	END	1679059966423
USER	RecordedSimulation	END	1679059966423
USER	RecordedSimulation	END	1679059966423
USER	RecordedSimulation	END	1679059966423
USER	RecordedSimulation	END	1679059966423
USER	RecordedSimulation	END	1679059966423
USER	RecordedSimulation	END	1679059966423
USER	RecordedSimulation	END	1679059966423
USER	RecordedSimulation	END	1679059966423
USER	RecordedSimulation	END	1679059966423
USER	RecordedSimulation	END	1679059966423
USER	RecordedSimulation	END	1679059966423
USER	RecordedSimulation	END	1679059966423
REQUEST		lateststatuscheck - 	1679059966256	1679059966423	KO	status.find.in([200, 209], 304), found 403
REQUEST		lateststatuscheck - 	1679059966260	1679059966423	KO	status.find.in([200, 209], 304), found 403
REQUEST		lateststatuscheck - 	1679059966260	1679059966425	KO	status.find.in([200, 209], 304), found 403
REQUEST		lateststatuscheck - 	1679059966258	1679059966425	KO	status.find.in([200, 209], 304), found 403
REQUEST		lateststatuscheck - 	1679059966280	1679059966425	KO	status.find.in([200, 209], 304), found 403
USER	RecordedSimulation	END	1679059966426
REQUEST		lateststatuscheck - 	1679059966277	1679059966427	KO	status.find.in([200, 209], 304), found 403
REQUEST		lateststatuscheck - 	1679059966262	1679059966426	KO	status.find.in([200, 209], 304), found 403
REQUEST		lateststatuscheck - 	1679059966245	1679059966427	KO	status.find.in([200, 209], 304), found 403
REQUEST		lateststatuscheck - 	1679059966253	1679059966427	KO	status.find.in([200, 209], 304), found 403
REQUEST		lateststatuscheck - 	1679059966265	1679059966428	KO	status.find.in([200, 209], 304), found 403
REQUEST		lateststatuscheck - 	1679059966264	1679059966428	KO	status.find.in([200, 209], 304), found 403
REQUEST		lateststatuscheck - 	1679059966278	1679059966428	KO	status.find.in([200, 209], 304), found 403
USER	RecordedSimulation	END	1679059966429
USER	RecordedSimulation	END	1679059966429
USER	RecordedSimulation	END	1679059966429
REQUEST		lateststatuscheck - 	1679059966245	1679059966429	KO	status.find.in([200, 209], 304), found 403
REQUEST		lateststatuscheck - 	1679059966282	1679059966429	KO	status.find.in([200, 209], 304), found 403
REQUEST		lateststatuscheck - 	1679059966282	1679059966429	KO	status.find.in([200, 209], 304), found 403
USER	RecordedSimulation	END	1679059966430
REQUEST		lateststatuscheck - 	1679059966265	1679059966430	KO	status.find.in([200, 209], 304), found 403
USER	RecordedSimulation	END	1679059966430
USER	RecordedSimulation	END	1679059966430
USER	RecordedSimulation	END	1679059966430
USER	RecordedSimulation	END	1679059966430
USER	RecordedSimulation	END	1679059966430
USER	RecordedSimulation	END	1679059966430
USER	RecordedSimulation	END	1679059966430
USER	RecordedSimulation	END	1679059966430
USER	RecordedSimulation	END	1679059966430
USER	RecordedSimulation	END	1679059966430
REQUEST		lateststatuscheck - 	1679059966268	1679059966430	KO	status.find.in([200, 209], 304), found 403
REQUEST		lateststatuscheck - 	1679059966250	1679059966430	KO	status.find.in([200, 209], 304), found 403
USER	RecordedSimulation	END	1679059966430
USER	RecordedSimulation	END	1679059966430
REQUEST		lateststatuscheck - 	1679059966287	1679059966430	KO	status.find.in([200, 209], 304), found 403
REQUEST		lateststatuscheck - 	1679059966263	1679059966431	KO	status.find.in([200, 209], 304), found 403
REQUEST		lateststatuscheck - 	1679059966264	1679059966431	KO	status.find.in([200, 209], 304), found 403
REQUEST		lateststatuscheck - 	1679059966265	1679059966432	KO	status.find.in([200, 209], 304), found 403
REQUEST		lateststatuscheck - 	1679059966258	1679059966432	KO	status.find.in([200, 209], 304), found 403
REQUEST		lateststatuscheck - 	1679059966255	1679059966432	KO	status.find.in([200, 209], 304), found 403
REQUEST		lateststatuscheck - 	1679059966251	1679059966432	KO	status.find.in([200, 209], 304), found 403
USER	RecordedSimulation	END	1679059966433
USER	RecordedSimulation	END	1679059966433
USER	RecordedSimulation	END	1679059966433
USER	RecordedSimulation	END	1679059966433
USER	RecordedSimulation	END	1679059966433
USER	RecordedSimulation	END	1679059966433
USER	RecordedSimulation	END	1679059966433
USER	RecordedSimulation	END	1679059966433
USER	RecordedSimulation	END	1679059966433
REQUEST		lateststatuscheck - 	1679059966284	1679059966433	KO	status.find.in([200, 209], 304), found 403
USER	RecordedSimulation	END	1679059966434
USER	RecordedSimulation	END	1679059966434
USER	RecordedSimulation	END	1679059966434
REQUEST		lateststatuscheck - 	1679059966257	1679059966434	KO	status.find.in([200, 209], 304), found 403
REQUEST		lateststatuscheck - 	1679059966280	1679059966434	KO	status.find.in([200, 209], 304), found 403
USER	RecordedSimulation	END	1679059966434
USER	RecordedSimulation	END	1679059966434
REQUEST		lateststatuscheck - 	1679059966280	1679059966434	KO	status.find.in([200, 209], 304), found 403
USER	RecordedSimulation	END	1679059966435
USER	RecordedSimulation	END	1679059966435
USER	RecordedSimulation	END	1679059966435
REQUEST		lateststatuscheck - 	1679059966290	1679059966436	KO	status.find.in([200, 209], 304), found 403
REQUEST		lateststatuscheck - 	1679059966285	1679059966436	KO	status.find.in([200, 209], 304), found 403
REQUEST		lateststatuscheck - 	1679059966262	1679059966436	KO	status.find.in([200, 209], 304), found 403
REQUEST		lateststatuscheck - 	1679059966287	1679059966436	KO	status.find.in([200, 209], 304), found 403
REQUEST		lateststatuscheck - 	1679059966290	1679059966436	KO	status.find.in([200, 209], 304), found 403
REQUEST		lateststatuscheck - 	1679059966268	1679059966436	KO	status.find.in([200, 209], 304), found 403
USER	RecordedSimulation	END	1679059966436
USER	RecordedSimulation	END	1679059966436
USER	RecordedSimulation	END	1679059966436
REQUEST		lateststatuscheck - 	1679059966290	1679059966436	KO	status.find.in([200, 209], 304), found 403
USER	RecordedSimulation	END	1679059966437
USER	RecordedSimulation	END	1679059966438
USER	RecordedSimulation	END	1679059966438
USER	RecordedSimulation	END	1679059966438
USER	RecordedSimulation	END	1679059966438
USER	RecordedSimulation	END	1679059966438
USER	RecordedSimulation	END	1679059966438
USER	RecordedSimulation	END	1679059966438
REQUEST		lateststatuscheck - 	1679059966291	1679059966438	KO	status.find.in([200, 209], 304), found 403
REQUEST		lateststatuscheck - 	1679059966290	1679059966438	KO	status.find.in([200, 209], 304), found 403
USER	RecordedSimulation	END	1679059966440
USER	RecordedSimulation	END	1679059966440
REQUEST		lateststatuscheck - 	1679059966291	1679059966440	KO	status.find.in([200, 209], 304), found 403
REQUEST		lateststatuscheck - 	1679059966287	1679059966441	KO	status.find.in([200, 209], 304), found 403
USER	RecordedSimulation	END	1679059966442
USER	RecordedSimulation	END	1679059966444
REQUEST		lateststatuscheck - 	1679059966288	1679059966444	KO	status.find.in([200, 209], 304), found 403
USER	RecordedSimulation	END	1679059966445
REQUEST		lateststatuscheck - 	1679059966293	1679059966446	KO	status.find.in([200, 209], 304), found 403
USER	RecordedSimulation	END	1679059966447
REQUEST		LAst	1679059966377	1679059966514	KO	status.find.in([200, 209], 304), found 403
REQUEST		LAst	1679059966383	1679059966524	KO	status.find.in([200, 209], 304), found 403
REQUEST		LAst	1679059966383	1679059966524	KO	status.find.in([200, 209], 304), found 403
REQUEST		LAst	1679059966413	1679059966553	KO	status.find.in([200, 209], 304), found 403
REQUEST		LAst	1679059966413	1679059966553	KO	status.find.in([200, 209], 304), found 403
REQUEST		LAst	1679059966415	1679059966555	KO	status.find.in([200, 209], 304), found 403
REQUEST		LAst	1679059966415	1679059966555	KO	status.find.in([200, 209], 304), found 403
REQUEST		LAst	1679059966422	1679059966558	KO	status.find.in([200, 209], 304), found 403
REQUEST		LAst	1679059966420	1679059966558	KO	status.find.in([200, 209], 304), found 403
REQUEST		LAst	1679059966415	1679059966558	KO	status.find.in([200, 209], 304), found 403
REQUEST		LAst	1679059966423	1679059966562	KO	status.find.in([200, 209], 304), found 403
REQUEST		LAst	1679059966424	1679059966562	KO	status.find.in([200, 209], 304), found 403
REQUEST		LAst	1679059966420	1679059966562	KO	status.find.in([200, 209], 304), found 403
REQUEST		LAst	1679059966420	1679059966563	KO	status.find.in([200, 209], 304), found 403
REQUEST		LAst	1679059966425	1679059966563	KO	status.find.in([200, 209], 304), found 403
REQUEST		LAst	1679059966425	1679059966567	KO	status.find.in([200, 209], 304), found 403
REQUEST		LAst	1679059966426	1679059966570	KO	status.find.in([200, 209], 304), found 403
REQUEST		LAst	1679059966424	1679059966570	KO	status.find.in([200, 209], 304), found 403
REQUEST		LAst	1679059966425	1679059966570	KO	status.find.in([200, 209], 304), found 403
REQUEST		LAst	1679059966426	1679059966571	KO	status.find.in([200, 209], 304), found 403
REQUEST		LAst	1679059966425	1679059966573	KO	status.find.in([200, 209], 304), found 403
REQUEST		LAst	1679059966426	1679059966575	KO	status.find.in([200, 209], 304), found 403
REQUEST		LAst	1679059966429	1679059966575	KO	status.find.in([200, 209], 304), found 403
REQUEST		LAst	1679059966430	1679059966577	KO	status.find.in([200, 209], 304), found 403
REQUEST		LAst	1679059966431	1679059966580	KO	status.find.in([200, 209], 304), found 403
REQUEST		LAst	1679059966428	1679059966580	KO	status.find.in([200, 209], 304), found 403
REQUEST		LAst	1679059966434	1679059966580	KO	status.find.in([200, 209], 304), found 403
REQUEST		LAst	1679059966438	1679059966580	KO	status.find.in([200, 209], 304), found 403
REQUEST		LAst	1679059966433	1679059966580	KO	status.find.in([200, 209], 304), found 403
REQUEST		LAst	1679059966432	1679059966580	KO	status.find.in([200, 209], 304), found 403
REQUEST		LAst	1679059966437	1679059966583	KO	status.find.in([200, 209], 304), found 403
REQUEST		LAst	1679059966436	1679059966583	KO	status.find.in([200, 209], 304), found 403
REQUEST		LAst	1679059966434	1679059966584	KO	status.find.in([200, 209], 304), found 403
REQUEST		LAst	1679059966440	1679059966586	KO	status.find.in([200, 209], 304), found 403
REQUEST		LAst	1679059966435	1679059966586	KO	status.find.in([200, 209], 304), found 403
REQUEST		lateststatuscheck - 	1679059966515	1679059966650	KO	status.find.in([200, 209], 304), found 403
USER	RecordedSimulation	END	1679059966653
REQUEST		lateststatuscheck - 	1679059966525	1679059966661	KO	status.find.in([200, 209], 304), found 403
USER	RecordedSimulation	END	1679059966663
REQUEST		lateststatuscheck - 	1679059966525	1679059966666	KO	status.find.in([200, 209], 304), found 403
USER	RecordedSimulation	END	1679059966669
REQUEST		lateststatuscheck - 	1679059966554	1679059966690	KO	status.find.in([200, 209], 304), found 403
USER	RecordedSimulation	END	1679059966692
REQUEST		lateststatuscheck - 	1679059966554	1679059966692	KO	status.find.in([200, 209], 304), found 403
USER	RecordedSimulation	END	1679059966694
REQUEST		lateststatuscheck - 	1679059966556	1679059966694	KO	status.find.in([200, 209], 304), found 403
USER	RecordedSimulation	END	1679059966695
REQUEST		lateststatuscheck - 	1679059966556	1679059966696	KO	status.find.in([200, 209], 304), found 403
REQUEST		lateststatuscheck - 	1679059966559	1679059966696	KO	status.find.in([200, 209], 304), found 403
USER	RecordedSimulation	END	1679059966697
USER	RecordedSimulation	END	1679059966697
REQUEST		lateststatuscheck - 	1679059966559	1679059966698	KO	status.find.in([200, 209], 304), found 403
REQUEST		lateststatuscheck - 	1679059966559	1679059966699	KO	status.find.in([200, 209], 304), found 403
USER	RecordedSimulation	END	1679059966700
USER	RecordedSimulation	END	1679059966702
REQUEST		lateststatuscheck - 	1679059966563	1679059966701	KO	status.find.in([200, 209], 304), found 403
USER	RecordedSimulation	END	1679059966704
REQUEST		lateststatuscheck - 	1679059966564	1679059966704	KO	status.find.in([200, 209], 304), found 403
REQUEST		lateststatuscheck - 	1679059966563	1679059966703	KO	status.find.in([200, 209], 304), found 403
REQUEST		lateststatuscheck - 	1679059966563	1679059966704	KO	status.find.in([200, 209], 304), found 403
USER	RecordedSimulation	END	1679059966706
USER	RecordedSimulation	END	1679059966706
USER	RecordedSimulation	END	1679059966706
REQUEST		lateststatuscheck - 	1679059966568	1679059966709	KO	status.find.in([200, 209], 304), found 403
REQUEST		lateststatuscheck - 	1679059966564	1679059966709	KO	status.find.in([200, 209], 304), found 403
USER	RecordedSimulation	END	1679059966710
USER	RecordedSimulation	END	1679059966710
REQUEST		lateststatuscheck - 	1679059966570	1679059966711	KO	status.find.in([200, 209], 304), found 403
USER	RecordedSimulation	END	1679059966713
REQUEST		lateststatuscheck - 	1679059966572	1679059966713	KO	status.find.in([200, 209], 304), found 403
REQUEST		lateststatuscheck - 	1679059966570	1679059966714	KO	status.find.in([200, 209], 304), found 403
USER	RecordedSimulation	END	1679059966715
USER	RecordedSimulation	END	1679059966715
REQUEST		lateststatuscheck - 	1679059966570	1679059966715	KO	status.find.in([200, 209], 304), found 403
REQUEST		lateststatuscheck - 	1679059966574	1679059966717	KO	status.find.in([200, 209], 304), found 403
REQUEST		lateststatuscheck - 	1679059966576	1679059966717	KO	status.find.in([200, 209], 304), found 403
USER	RecordedSimulation	END	1679059966719
REQUEST		lateststatuscheck - 	1679059966577	1679059966719	KO	status.find.in([200, 209], 304), found 403
REQUEST		lateststatuscheck - 	1679059966576	1679059966719	KO	status.find.in([200, 209], 304), found 403
USER	RecordedSimulation	END	1679059966720
USER	RecordedSimulation	END	1679059966721
USER	RecordedSimulation	END	1679059966721
USER	RecordedSimulation	END	1679059966721
REQUEST		lateststatuscheck - 	1679059966581	1679059966724	KO	status.find.in([200, 209], 304), found 403
REQUEST		lateststatuscheck - 	1679059966580	1679059966724	KO	status.find.in([200, 209], 304), found 403
REQUEST		lateststatuscheck - 	1679059966581	1679059966724	KO	status.find.in([200, 209], 304), found 403
REQUEST		lateststatuscheck - 	1679059966581	1679059966724	KO	status.find.in([200, 209], 304), found 403
REQUEST		lateststatuscheck - 	1679059966580	1679059966725	KO	status.find.in([200, 209], 304), found 403
USER	RecordedSimulation	END	1679059966726
USER	RecordedSimulation	END	1679059966726
USER	RecordedSimulation	END	1679059966726
USER	RecordedSimulation	END	1679059966726
USER	RecordedSimulation	END	1679059966726
REQUEST		lateststatuscheck - 	1679059966584	1679059966728	KO	status.find.in([200, 209], 304), found 403
REQUEST		lateststatuscheck - 	1679059966584	1679059966728	KO	status.find.in([200, 209], 304), found 403
REQUEST		lateststatuscheck - 	1679059966581	1679059966728	KO	status.find.in([200, 209], 304), found 403
USER	RecordedSimulation	END	1679059966730
USER	RecordedSimulation	END	1679059966730
USER	RecordedSimulation	END	1679059966730
REQUEST		lateststatuscheck - 	1679059966587	1679059966732	KO	status.find.in([200, 209], 304), found 403
REQUEST		lateststatuscheck - 	1679059966586	1679059966733	KO	status.find.in([200, 209], 304), found 403
REQUEST		lateststatuscheck - 	1679059966587	1679059966734	KO	status.find.in([200, 209], 304), found 403
USER	RecordedSimulation	END	1679059966736
USER	RecordedSimulation	END	1679059966736
USER	RecordedSimulation	END	1679059966737
